🚀 Airdrop Hunter Started (Free Mode - Resilient Version)...
🔍 Scanning X...
✨ Found X Airdrop/Alpha: Paramızı çekemiyoruz. Bu nasıl saçmalık anlamadım. Airdrop için yatırmıştık sizin tavsiyenizle...
✨ Found X Airdrop/Alpha: YG MANA LAGU FAV MU MINT? Acara yg di pantai itu? Ketunda gara-gara kita nyetel lagu terbaru pake sp...
✨ Found X Airdrop/Alpha: Start with mint Juleps nitabuy...
✨ Found X Airdrop/Alpha: GM fam  Chaos Heroes are still minting  The 3D avatars for  @OthersideMeta  have officially started ...
✨ Found X Airdrop/Alpha: EXP Season 2 Snapshot Completion & Next-Phase Ecosystem Roadmap  I. EXP Season 2 Airdrop Exact Timel...
✨ Found X Airdrop/Alpha: wen mint?...
✨ Found X Airdrop/Alpha: They didn't raise it today chill out Just that they decided to announce Airdrop points yesterday...
✨ Found X Airdrop/Alpha: The internet is built on a broken deal. A fair internet means: Airdrop Pool is a smart chance to ear...
📊 X Scan found 8 signals.
📱 Scanning Public Telegram Channels...
📱 Found TG Airdrop (@AirdropAlert): 📡 Airdrop Radar — Daily Roundup (April 25, 2025) this list will be updated throughout the day.  🔵 Ba...
📱 Found TG Airdrop (@AirdropAlert): 🌊 Soul Protocol Airdrop: Earn $SO Tokens via Testnet Cross-Chain DeFi Liquidity Platform  💰 Soul Lab...
📱 Found TG Airdrop (@AirdropAlert): 🌐 Earn While You Surf: Solix DePIN Airdrop Rewards Your Unused Internet Bandwidth with $SLIX Tokens ...
📱 Found TG Airdrop (@AirdropAlert): 📢 IMPORTANT ANNOUNCEMENT 📢  Dear Community,  We've decided to consolidate our airdrop announcements ...
📱 Found TG Airdrop (@AirdropAlert): Airdrop Alert pinned «📢 IMPORTANT ANNOUNCEMENT 📢 Dear Community, We've decided to consolidate our ai...
📱 Found TG Airdrop (@AirdropInspector): New airdrop: PX Finance Reward: Earn USDT through unlimited points Winners: For Everyone Distributio...
📱 Found TG Airdrop (@AirdropInspector): #Reminder New airdrop: Onyx Total Reward: $10,000 in rewards up for grabs weekly Winners: For Everyo...
📱 Found TG Airdrop (@AirdropInspector): #Reminder New airdrop: The Edge of Show X Willo Total Reward: $400 in CASH and Free Willo Subscripti...
📱 Found TG Airdrop (@AirdropInspector): Guaranteed New airdrop: Kaching (USDT) Total Reward: 100 USDT Rate: ⭐️⭐️⭐️⭐️ Winners: 10 Random Dist...
📱 Found TG Airdrop (@AirdropInspector): Winners are announced here: https://x.com/airdropinspect/status/2060920305904705890  Rewards are alr...
📱 Found TG Airdrop (@CryptoAirdrops): 🔥 New Airdrop Announcement: Cronos (Waitlist) Reward: Points and Token Distribution Date: Post-Token...
📱 Found TG Airdrop (@ICO_Airdrop_Alert): Tron airdrop   https://tron.network/activity/be1061aa3f94ea8b?lang=en...
📱 Found TG Airdrop (@AirdropStar): 💧 BillsOnChain @Airdrop💧  🏆 Task:          ➕  $1000 worth of IDLE » Total airdrop pool.  ➡️ Airdrop ...
📱 Found TG Airdrop (@AirdropStar): 💧 Eurotoken @Airdrop💧  🏆 Task:          ➕  Up to 2800 €URO Tokens.  ➕ 5 €URO Tokens daily login bonu...
📱 Found TG Airdrop (@AirdropStar): 💧 SHIFT @Airdrop💧  🏆 Task:          ➕  Badges for airdrop allocation.  ➡️ Airdrop page for SHIFT  ↪️...
📱 Found TG Airdrop (@AirdropStar): 💧 PX Finance @Airdrop💧  🏆 Task:          ➕  Unlimited Points  👨‍👩‍👧 Referral:   ➕  10% of the referr...
📱 Found TG Airdrop (@AirdropStar): 💧 CJP TOKEN @Airdrop💧  🏆 Task:         ➕  100,000 CJP for first 1000 participants each.  ➕  80,000 C...
