🚀 Paper Trading Sniper Started (100 coins/day limit)
🔍 Scanning for new candidates...
DEBUG: Found 688 raw pairs from DexScreener
DEBUG: 3 unique candidates passed the filter.
➕ Added 3 new coins. Total today: 61

📈 --- Paper Trading Report (2026-05-31) ---
Total Coins Tracked: 61
Cumulative PnL: $60.66

Top Performers:
- $TRUMP: 33.48%
- $MBAPPE: 28.86%
- $BLAST: 7.87%
- $FAHHHH: 3.68%
- $WHALE: 3.00%

⏳ Limit (61/100) not reached. Scanning again in 1 minute...
🔍 Scanning for new candidates...
DEBUG: Found 688 raw pairs from DexScreener
DEBUG: 0 unique candidates passed the filter.

📈 --- Paper Trading Report (2026-05-31) ---
Total Coins Tracked: 61
Cumulative PnL: $65.20

Top Performers:
- $TRUMP: 31.79%
- $MBAPPE: 28.86%
- $BLAST: 7.87%
- $TRUMP: 4.89%
- $FAHHHH: 3.68%

⏳ Limit (61/100) not reached. Scanning again in 1 minute...
🔍 Scanning for new candidates...
DEBUG: Found 688 raw pairs from DexScreener
DEBUG: 0 unique candidates passed the filter.

📈 --- Paper Trading Report (2026-05-31) ---
Total Coins Tracked: 61
Cumulative PnL: $63.01

Top Performers:
- $TRUMP: 31.79%
- $MBAPPE: 28.86%
- $BLAST: 7.87%
- $TRUMP: 3.75%
- $FAHHHH: 3.68%

⏳ Limit (61/100) not reached. Scanning again in 1 minute...
🔍 Scanning for new candidates...
DEBUG: Found 688 raw pairs from DexScreener
DEBUG: 0 unique candidates passed the filter.

📈 --- Paper Trading Report (2026-05-31) ---
Total Coins Tracked: 61
Cumulative PnL: $64.89

Top Performers:
- $TRUMP: 31.79%
- $MBAPPE: 28.86%
- $BLAST: 7.87%
- $TRUMP: 6.05%
- $FAHHHH: 3.68%

⏳ Limit (61/100) not reached. Scanning again in 1 minute...
🔍 Scanning for new candidates...
DEBUG: Found 688 raw pairs from DexScreener
DEBUG: 0 unique candidates passed the filter.

📈 --- Paper Trading Report (2026-05-31) ---
Total Coins Tracked: 61
Cumulative PnL: $69.68

Top Performers:
- $TRUMP: 31.13%
- $MBAPPE: 28.86%
- $TRUMP: 9.67%
- $BLAST: 7.87%
- $FAHHHH: 3.68%

⏳ Limit (61/100) not reached. Scanning again in 1 minute...
🔍 Scanning for new candidates...
DEBUG: Found 688 raw pairs from DexScreener
DEBUG: 0 unique candidates passed the filter.

📈 --- Paper Trading Report (2026-05-31) ---
Total Coins Tracked: 61
Cumulative PnL: $68.77

Top Performers:
- $TRUMP: 31.13%
- $MBAPPE: 28.86%
- $TRUMP: 8.76%
- $BLAST: 7.87%
- $FAHHHH: 3.68%

⏳ Limit (61/100) not reached. Scanning again in 1 minute...
🔍 Scanning for new candidates...
DEBUG: Found 688 raw pairs from DexScreener
DEBUG: 0 unique candidates passed the filter.

📈 --- Paper Trading Report (2026-05-31) ---
Total Coins Tracked: 61
Cumulative PnL: $56.29

Top Performers:
- $TRUMP: 31.13%
- $MBAPPE: 28.74%
- $BLAST: 7.87%
- $FAHHHH: 3.68%
- $WHALE: 3.00%

⏳ Limit (61/100) not reached. Scanning again in 1 minute...
🔍 Scanning for new candidates...
DEBUG: Found 688 raw pairs from DexScreener
DEBUG: 0 unique candidates passed the filter.

📈 --- Paper Trading Report (2026-05-31) ---
Total Coins Tracked: 61
Cumulative PnL: $51.25

Top Performers:
- $TRUMP: 30.25%
- $MBAPPE: 28.74%
- $BLAST: 7.61%
- $FAHHHH: 3.68%
- $WHALE: 3.00%

⏳ Limit (61/100) not reached. Scanning again in 1 minute...
🔍 Scanning for new candidates...
DEBUG: Found 688 raw pairs from DexScreener
DEBUG: 0 unique candidates passed the filter.

📈 --- Paper Trading Report (2026-05-31) ---
Total Coins Tracked: 61
Cumulative PnL: $48.90

Top Performers:
- $MBAPPE: 28.74%
- $TRUMP: 27.83%
- $BLAST: 7.61%
- $FAHHHH: 3.68%
- $WHALE: 3.00%

⏳ Limit (61/100) not reached. Scanning again in 1 minute...
🔍 Scanning for new candidates...
DEBUG: Found 688 raw pairs from DexScreener
DEBUG: 0 unique candidates passed the filter.

📈 --- Paper Trading Report (2026-05-31) ---
Total Coins Tracked: 61
Cumulative PnL: $42.17

Top Performers:
- $MBAPPE: 28.74%
- $TRUMP: 24.45%
- $BLAST: 7.61%
- $WHALE: 3.00%
- $GEMSTON: 0.97%

⏳ Limit (61/100) not reached. Scanning again in 1 minute...
🔍 Scanning for new candidates...
DEBUG: Found 688 raw pairs from DexScreener
DEBUG: 0 unique candidates passed the filter.

📈 --- Paper Trading Report (2026-05-31) ---
Total Coins Tracked: 61
Cumulative PnL: $45.72

Top Performers:
- $MBAPPE: 28.74%
- $TRUMP: 27.61%
- $BLAST: 7.61%
- $WHALE: 3.00%
- $GEMSTON: 0.97%

⏳ Limit (61/100) not reached. Scanning again in 1 minute...
🔍 Scanning for new candidates...
DEBUG: Found 688 raw pairs from DexScreener
DEBUG: 0 unique candidates passed the filter.

📈 --- Paper Trading Report (2026-05-31) ---
Total Coins Tracked: 61
Cumulative PnL: $47.67

Top Performers:
- $MBAPPE: 28.74%
- $TRUMP: 27.24%
- $BLAST: 7.61%
- $WHALE: 3.00%
- $GEMSTON: 0.97%

⏳ Limit (61/100) not reached. Scanning again in 1 minute...
🔍 Scanning for new candidates...
DEBUG: Found 688 raw pairs from DexScreener
DEBUG: 0 unique candidates passed the filter.

📈 --- Paper Trading Report (2026-05-31) ---
Total Coins Tracked: 61
Cumulative PnL: $45.51

Top Performers:
- $MBAPPE: 28.74%
- $TRUMP: 27.24%
- $BLAST: 7.61%
- $WHALE: 3.00%
- $GEMSTON: 0.97%

⏳ Limit (61/100) not reached. Scanning again in 1 minute...
🔍 Scanning for new candidates...
DEBUG: Found 688 raw pairs from DexScreener
DEBUG: 0 unique candidates passed the filter.

📈 --- Paper Trading Report (2026-05-31) ---
Total Coins Tracked: 61
Cumulative PnL: $46.38

Top Performers:
- $MBAPPE: 28.74%
- $TRUMP: 28.34%
- $BLAST: 7.61%
- $WHALE: 3.00%
- $GEMSTON: 0.97%

⏳ Limit (61/100) not reached. Scanning again in 1 minute...
🔍 Scanning for new candidates...
DEBUG: Found 688 raw pairs from DexScreener
DEBUG: 0 unique candidates passed the filter.

📈 --- Paper Trading Report (2026-05-31) ---
Total Coins Tracked: 61
Cumulative PnL: $41.61

Top Performers:
- $MBAPPE: 28.74%
- $TRUMP: 28.34%
- $BLAST: 7.61%
- $WHALE: 3.00%
- $GEMSTON: 0.97%

⏳ Limit (61/100) not reached. Scanning again in 1 minute...
🔍 Scanning for new candidates...
DEBUG: Found 688 raw pairs from DexScreener
DEBUG: 0 unique candidates passed the filter.

📈 --- Paper Trading Report (2026-05-31) ---
Total Coins Tracked: 61
Cumulative PnL: $43.67

Top Performers:
- $TRUMP: 30.62%
- $MBAPPE: 28.74%
- $BLAST: 7.61%
- $WHALE: 3.00%
- $GEMSTON: 0.97%

⏳ Limit (61/100) not reached. Scanning again in 1 minute...
🔍 Scanning for new candidates...
DEBUG: Found 688 raw pairs from DexScreener
DEBUG: 0 unique candidates passed the filter.

📈 --- Paper Trading Report (2026-05-31) ---
Total Coins Tracked: 61
Cumulative PnL: $47.33

Top Performers:
- $TRUMP: 30.62%
- $MBAPPE: 28.74%
- $BLAST: 7.61%
- $WHALE: 3.00%
- $GEMSTON: 0.97%

⏳ Limit (61/100) not reached. Scanning again in 1 minute...
🔍 Scanning for new candidates...
DEBUG: Found 688 raw pairs from DexScreener
DEBUG: 0 unique candidates passed the filter.

📈 --- Paper Trading Report (2026-05-31) ---
Total Coins Tracked: 61
Cumulative PnL: $50.84

Top Performers:
- $TRUMP: 30.62%
- $MBAPPE: 28.74%
- $BLAST: 7.61%
- $WHALE: 3.00%
- $GEMSTON: 0.97%

⏳ Limit (61/100) not reached. Scanning again in 1 minute...
🔍 Scanning for new candidates...
DEBUG: Found 688 raw pairs from DexScreener
DEBUG: 0 unique candidates passed the filter.

📈 --- Paper Trading Report (2026-05-31) ---
Total Coins Tracked: 61
Cumulative PnL: $50.33

Top Performers:
- $TRUMP: 29.22%
- $MBAPPE: 28.74%
- $BLAST: 7.61%
- $WHALE: 3.00%
- $GEMSTON: 0.97%

⏳ Limit (61/100) not reached. Scanning again in 1 minute...
🔍 Scanning for new candidates...
DEBUG: Found 688 raw pairs from DexScreener
DEBUG: 0 unique candidates passed the filter.

📈 --- Paper Trading Report (2026-05-31) ---
Total Coins Tracked: 61
Cumulative PnL: $54.09

Top Performers:
- $TRUMP: 29.22%
- $MBAPPE: 28.74%
- $BLAST: 7.61%
- $WHALE: 3.00%
- $GEMSTON: 0.97%

⏳ Limit (61/100) not reached. Scanning again in 1 minute...
🔍 Scanning for new candidates...
DEBUG: Found 688 raw pairs from DexScreener
DEBUG: 0 unique candidates passed the filter.

📈 --- Paper Trading Report (2026-05-31) ---
Total Coins Tracked: 61
Cumulative PnL: $53.81

Top Performers:
- $MBAPPE: 28.74%
- $TRUMP: 27.83%
- $BLAST: 7.61%
- $WHALE: 3.00%
- $GEMSTON: 0.97%

⏳ Limit (61/100) not reached. Scanning again in 1 minute...
🔍 Scanning for new candidates...
DEBUG: Found 688 raw pairs from DexScreener
DEBUG: 0 unique candidates passed the filter.

📈 --- Paper Trading Report (2026-05-31) ---
Total Coins Tracked: 61
Cumulative PnL: $51.03

Top Performers:
- $MBAPPE: 28.74%
- $TRUMP: 27.83%
- $BLAST: 7.61%
- $WHALE: 3.00%
- $GEMSTON: 0.97%

⏳ Limit (61/100) not reached. Scanning again in 1 minute...
🔍 Scanning for new candidates...
DEBUG: Found 688 raw pairs from DexScreener
DEBUG: 0 unique candidates passed the filter.

📈 --- Paper Trading Report (2026-05-31) ---
Total Coins Tracked: 61
Cumulative PnL: $53.58

Top Performers:
- $MBAPPE: 28.74%
- $TRUMP: 27.83%
- $BLAST: 7.61%
- $WHALE: 3.00%
- $GEMSTON: 0.97%

⏳ Limit (61/100) not reached. Scanning again in 1 minute...
🔍 Scanning for new candidates...
DEBUG: Found 688 raw pairs from DexScreener
DEBUG: 0 unique candidates passed the filter.

📈 --- Paper Trading Report (2026-05-31) ---
Total Coins Tracked: 61
Cumulative PnL: $47.91

Top Performers:
- $MBAPPE: 28.74%
- $TRUMP: 27.83%
- $BLAST: 7.61%
- $WHALE: 3.00%
- $GEMSTON: 0.97%

⏳ Limit (61/100) not reached. Scanning again in 1 minute...
🔍 Scanning for new candidates...
DEBUG: Found 688 raw pairs from DexScreener
DEBUG: 0 unique candidates passed the filter.

📈 --- Paper Trading Report (2026-05-31) ---
Total Coins Tracked: 61
Cumulative PnL: $50.08

Top Performers:
- $MBAPPE: 28.74%
- $TRUMP: 27.83%
- $BLAST: 7.61%
- $WHALE: 3.00%
- $TRUMP: 2.49%

⏳ Limit (61/100) not reached. Scanning again in 1 minute...
